--- System started on 2008/06/20 17:32:53.07

Warning logged on 2008/06/20 17:36:25.59  Stopping server...

--- System stopped on 2008/06/20 17:36:25.60


--- System started on 2008/06/23 10:13:38.48

Warning logged on 2008/06/23 10:32:11.96  Stopping server...

--- System stopped on 2008/06/23 10:32:16.89


--- System started on 2008/06/23 10:49:57.82

Warning logged on 2008/06/23 10:55:08.89  Stopping server...

--- System stopped on 2008/06/23 10:55:08.92


--- System started on 2008/06/23 11:16:28.82

Warning logged on 2008/06/23 11:39:50.12  Stopping server...

--- System stopped on 2008/06/23 11:39:50.25


--- System started on 2008/06/23 11:59:04.54

Warning logged on 2008/06/23 12:25:49.73  Stopping server...

--- System stopped on 2008/06/23 12:25:51.06


--- System started on 2008/06/23 13:13:30.48

Warning logged on 2008/06/23 13:28:49.31  Stopping server...

--- System stopped on 2008/06/23 13:28:49.48


--- System started on 2008/06/26 10:06:19.68

Warning logged on 2008/06/26 10:21:08.95  Stopping server...

--- System stopped on 2008/06/26 10:21:10.62


--- System started on 2008/06/26 11:41:00.87

Warning logged on 2008/06/26 11:41:51.35  Rebooting server...

--- System stopped on 2008/06/26 11:41:51.40


--- System started on 2008/06/26 11:41:52.03

Warning logged on 2008/06/26 11:42:24.14  Stopping server...

--- System stopped on 2008/06/26 11:42:24.18


--- System started on 2008/06/26 12:02:47.96

Warning logged on 2008/06/26 12:03:18.45  Changing to runlevel "databases".

Warning logged on 2008/06/26 12:03:18.70  Runlevel "databases" reached.

Warning logged on 2008/06/26 12:46:18.21  Stopping server...

Warning logged on 2008/06/26 12:46:18.23  Runlevel "stand by" reached.

--- System stopped on 2008/06/26 12:46:18.26


--- System started on 2008/06/26 15:02:06.71

Warning logged on 2008/06/26 15:08:26.82  Changing to runlevel "datalogging".

Warning logged on 2008/06/26 15:08:27.10  Runlevel "databases" reached.

Warning logged on 2008/06/26 15:08:27.21  Runlevel "mirroring" reached.

Warning logged on 2008/06/26 15:08:27.75  Runlevel "datalogging" reached.

Warning logged on 2008/06/26 15:08:43.79  Changing to runlevel "drivers".

Warning logged on 2008/06/26 15:08:43.92  Runlevel "limits" reached.

Warning logged on 2008/06/26 15:08:43.95  Runlevel "drivers" reached.

Warning logged on 2008/06/26 15:13:38.37  Stopping server...

Warning logged on 2008/06/26 15:13:38.40  Runlevel "limits" reached.

Warning logged on 2008/06/26 15:13:38.43  Runlevel "datalogging" reached.

Warning logged on 2008/06/26 15:13:38.54  Runlevel "mirroring" reached.

Warning logged on 2008/06/26 15:13:38.54  Runlevel "databases" reached.

Warning logged on 2008/06/26 15:13:38.57  Runlevel "stand by" reached.

--- System stopped on 2008/06/26 15:13:38.62


--- System started on 2008/06/26 15:20:25.98

Warning logged on 2008/06/26 15:21:07.26  Changing to runlevel "drivers".

Warning logged on 2008/06/26 15:21:07.37  Runlevel "databases" reached.

Warning logged on 2008/06/26 15:21:07.43  Runlevel "mirroring" reached.

Warning logged on 2008/06/26 15:21:07.68  Runlevel "datalogging" reached.

Warning logged on 2008/06/26 15:21:07.71  Runlevel "limits" reached.

Warning logged on 2008/06/26 15:21:07.75  Runlevel "drivers" reached.

Warning logged on 2008/06/26 15:45:15.25  Stopping server...

Warning logged on 2008/06/26 15:45:15.28  Runlevel "limits" reached.

Warning logged on 2008/06/26 15:45:15.31  Runlevel "datalogging" reached.

Warning logged on 2008/06/26 15:45:15.39  Runlevel "mirroring" reached.

Warning logged on 2008/06/26 15:45:15.40  Runlevel "databases" reached.

Warning logged on 2008/06/26 15:45:15.42  Runlevel "stand by" reached.

--- System stopped on 2008/06/26 15:45:15.46

